<?xml version="1.0" encoding="UTF-8"?>
<!-- Generated by org.testng.reporters.JUnitXMLReporter -->
<testsuite ignored="0" hostname="Rossa-Afresia-Siagian.local" failures="0" tests="6" name="MyTestGroup" time="0.018" errors="0" timestamp="2025-02-24T05:03:10 WIB">
  <testcase classname="ParalelTestNG" name="scenarioTest1" time="0.002"/>
  <testcase classname="ParalelTestNG" name="scenarioTest2" time="0.0"/>
  <testcase classname="ParalelTestNG" name="scenarioTest3" time="0.0"/>
  <testcase classname="ParalelTestNG2" name="scenarioTest1" time="0.0"/>
  <testcase classname="ParalelTestNG2" name="scenarioTest2" time="0.0"/>
  <testcase classname="ParalelTestNG2" name="scenarioTest3" time="0.0"/>
</testsuite> <!-- MyTestGroup -->
