<?xml version="1.0" encoding="UTF-8"?>
<testsuite xmlns:xsi="http://www.w3.org/2001/XMLSchema-instance" xsi:noNamespaceSchemaLocation="https://maven.apache.org/surefire/maven-surefire-plugin/xsd/surefire-test-report.xsd" name="TestSuite" time="0.241" tests="6" errors="0" skipped="0" failures="0">
  <properties>
[...]
</properties>
  <testcase name="scenarioTest1" classname="ParalelTestNG" time="0.003"/>
  <testcase name="scenarioTest2" classname="ParalelTestNG" time="0.001"/>
  <testcase name="scenarioTest3" classname="ParalelTestNG" time="0"/>
  <testcase name="scenarioTest1" classname="ParalelTestNG2" time="0"/>
  <testcase name="scenarioTest2" classname="ParalelTestNG2" time="0.001"/>
  <testcase name="scenarioTest3" classname="ParalelTestNG2" time="0"/>
</testsuite>